<?xml version="1.0" encoding="UTF-8"?>
<!-- Generated by org.testng.reporters.JUnitReportReporter -->
<testsuite hostname="Dt-IBE529" name="example.NewTest" tests="1" failures="0" timestamp="24 Jul 2017 10:01:10 GMT" time="10.911" errors="0">
  <testcase name="testEasy" time="10.911" classname="example.NewTest"/>
</testsuite> <!-- example.NewTest -->
