<?xml version="1.0" encoding="UTF-8"?>
<!-- Generated by org.testng.reporters.JUnitReportReporter -->
<testsuite hostname="Dt-IBE529" name="example.NewTest" tests="1" failures="0" timestamp="27 Jul 2017 07:22:33 GMT" time="5.775" errors="0">
  <testcase name="testEasy" time="5.775" classname="example.NewTest"/>
</testsuite> <!-- example.NewTest -->
